  Assembling masmtest.asm...
masmtest.asm(4): error A2013: .MODEL must precede this directive
masmtest.asm(5): error A2034: must be in segment block
masmtest.asm(6): error A2034: must be in segment block
masmtest.asm(7): error A2034: must be in segment block
masmtest.asm(8): error A2008: syntax error : c
masmtest.asm(9): error A2034: must be in segment block
masmtest.asm(11): error A2013: .MODEL must precede this directive
masmtest.asm(12): error A2034: must be in segment block : main
masmtest.asm(14): error A2008: syntax error : c
masmtest.asm(15): error A2034: must be in segment block
masmtest.asm(16): error A2034: must be in segment block
masmtest.asm(17): error A2034: must be in segment block
masmtest.asm(18): error A2034: must be in segment block
masmtest.asm(19): error A2034: must be in segment block
masmtest.asm(22): error A2034: must be in segment block
masmtest.asm(23): error A2034: must be in segment block
masmtest.asm(25): fatal error A1010: unmatched block nesting : main
C:\Program Files (x86)\Microsoft Visual Studio\2019\Community\MSBuild\Microsoft\VC\v160\BuildCustomizations\masm.targets(70,5): error MSB3721: The command "ml.exe /c /nologo /Zi /Fo"Debug\masmtest.obj" /W3 /errorReport:prompt  /Tamasmtest.asm" exited with code 1.
